<?xml version="1.0" encoding="UTF-8"?>
<testsuite name="group7project.LocationServiceTest" tests="5" skipped="0" failures="0" errors="0" timestamp="2026-04-25T04:26:19.091Z" hostname="OMS-LAPTOP" time="0.011">
  <properties/>
  <testcase name="testSetAccuracy()" classname="group7project.LocationServiceTest" time="0.002"/>
  <testcase name="testGetAccuracy()" classname="group7project.LocationServiceTest" time="0.001"/>
  <testcase name="testUpdateLocBeforeTracking()" classname="group7project.LocationServiceTest" time="0.004"/>
  <testcase name="testGetCurrentLocationBeforeTracking()" classname="group7project.LocationServiceTest" time="0.001"/>
  <testcase name="testUpdateLocAfterTracking()" classname="group7project.LocationServiceTest" time="0.001"/>
  <system-out><![CDATA[Tracking is not on; unable to get update location.
]]></system-out>
  <system-err><![CDATA[]]></system-err>
</testsuite>
